22:05:19 **** Build of configuration Debug for project lab6 ****
make all 
Building file: ../Experiment0.cpp
Invoking: GCC C++ Compiler
g++ -O0 -g3 -Wall -c -fmessage-length=0 -MMD -MP -MF"Experiment0.d" -MT"Experiment0.d" -o "Experiment0.o" "../Experiment0.cpp"
Finished building: ../Experiment0.cpp
 
Building file: ../Experiment1.cpp
Invoking: GCC C++ Compiler
g++ -O0 -g3 -Wall -c -fmessage-length=0 -MMD -MP -MF"Experiment1.d" -MT"Experiment1.d" -o "Experiment1.o" "../Experiment1.cpp"
Finished building: ../Experiment1.cpp
 
Building file: ../Experiment2.cpp
Invoking: GCC C++ Compiler
g++ -O0 -g3 -Wall -c -fmessage-length=0 -MMD -MP -MF"Experiment2.d" -MT"Experiment2.d" -o "Experiment2.o" "../Experiment2.cpp"
Finished building: ../Experiment2.cpp
 
Building file: ../main.cpp
Invoking: GCC C++ Compiler
g++ -O0 -g3 -Wall -c -fmessage-length=0 -MMD -MP -MF"main.d" -MT"main.d" -o "main.o" "../main.cpp"
Finished building: ../main.cpp
 
Building target: lab6
Invoking: GCC C++ Linker
g++  -o "lab6"  ./Experiment0.o ./Experiment1.o ./Experiment2.o ./main.o   -lrt
Finished building target: lab6
 

22:05:20 Build Finished (took 914ms)

